<?xml version="1.0" encoding="UTF-8"?>
<!-- Generated by org.testng.reporters.JUnitReportReporter -->
<testsuite hostname="Sandeep-Nigam1" failures="0" tests="6" name="api.test.DDTests" time="8.968" errors="0" timestamp="2023-10-27T00:02:03 IST" skipped="0">
  <testcase classname="api.test.DDTests" name="testPostUser" time="1.244"/>
  <testcase classname="api.test.DDTests" name="testPostUser" time="1.247"/>
  <testcase classname="api.test.DDTests" name="testPostUser" time="2.645"/>
  <testcase classname="api.test.DDTests" name="testDeleteByName" time="1.278"/>
  <testcase classname="api.test.DDTests" name="testDeleteByName" time="1.237"/>
  <testcase classname="api.test.DDTests" name="testDeleteByName" time="1.317"/>
</testsuite> <!-- api.test.DDTests -->
