<?xml version="1.0" encoding="UTF-8"?>
<!-- Generated by org.testng.reporters.JUnitReportReporter -->
<testsuite hostname="Sandeep-Nigam1" failures="0" tests="3" name="api.test.UserTest2" time="6.001" errors="0" timestamp="2023-10-27T01:41:14 IST" skipped="0">
  <testcase classname="api.test.UserTest2" name="testPostUser" time="2.908"/>
  <testcase classname="api.test.UserTest2" name="testGetUserName" time="1.591"/>
  <testcase classname="api.test.UserTest2" name="testUpdateUserByName" time="1.502"/>
</testsuite> <!-- api.test.UserTest2 -->
